{"D:\\work\\ReactCourses\\src\\App\\App.jsx": {"path":"D:\\work\\ReactCourses\\src\\App\\App.jsx","statementMap":{"0":{"start":{"line":8,"column":8},"end":{"line":14,"column":10}}},"fnMap":{"0":{"name":"(anonymous_0)","decl":{"start":{"line":7,"column":4},"end":{"line":7,"column":5}},"loc":{"start":{"line":7,"column":13},"end":{"line":15,"column":5}},"line":7}},"branchMap":{},"s":{"0":1},"f":{"0":1},"b":{},"_coverageSchema":"43e27e138ebf9cfc5966b082cf9a028302ed4184","hash":"f0263ad5c20876bbfcdb5b2e683bd78fdc3e0a13"}
,"D:\\work\\ReactCourses\\src\\App\\components\\Footer\\Footer.jsx": {"path":"D:\\work\\ReactCourses\\src\\App\\components\\Footer\\Footer.jsx","statementMap":{"0":{"start":{"line":7,"column":15},"end":{"line":15,"column":1}},"1":{"start":{"line":8,"column":4},"end":{"line":14,"column":6}}},"fnMap":{"0":{"name":"(anonymous_0)","decl":{"start":{"line":7,"column":15},"end":{"line":7,"column":16}},"loc":{"start":{"line":7,"column":21},"end":{"line":15,"column":1}},"line":7}},"branchMap":{},"s":{"0":1,"1":0},"f":{"0":0},"b":{},"_coverageSchema":"43e27e138ebf9cfc5966b082cf9a028302ed4184","hash":"d9d194872b17a7c7e2eba057bd538cdcc303be83"}
,"D:\\work\\ReactCourses\\src\\App\\components\\Footer\\index.js": {"path":"D:\\work\\ReactCourses\\src\\App\\components\\Footer\\index.js","statementMap":{},"fnMap":{},"branchMap":{},"s":{},"f":{},"b":{},"_coverageSchema":"43e27e138ebf9cfc5966b082cf9a028302ed4184","hash":"64414c77b795f119645a8078b07067379b3d1e43"}
,"D:\\work\\ReactCourses\\src\\App\\components\\Header\\Header.jsx": {"path":"D:\\work\\ReactCourses\\src\\App\\components\\Header\\Header.jsx","statementMap":{"0":{"start":{"line":8,"column":15},"end":{"line":19,"column":1}},"1":{"start":{"line":9,"column":4},"end":{"line":18,"column":6}}},"fnMap":{"0":{"name":"(anonymous_0)","decl":{"start":{"line":8,"column":15},"end":{"line":8,"column":16}},"loc":{"start":{"line":8,"column":21},"end":{"line":19,"column":1}},"line":8}},"branchMap":{},"s":{"0":1,"1":0},"f":{"0":0},"b":{},"_coverageSchema":"43e27e138ebf9cfc5966b082cf9a028302ed4184","hash":"82cc6b9d3594ac07c34b761166f374703f2f973c"}
,"D:\\work\\ReactCourses\\src\\App\\components\\Header\\index.js": {"path":"D:\\work\\ReactCourses\\src\\App\\components\\Header\\index.js","statementMap":{},"fnMap":{},"branchMap":{},"s":{},"f":{},"b":{},"_coverageSchema":"43e27e138ebf9cfc5966b082cf9a028302ed4184","hash":"a3e000b9937f0ee7e5804ef5cc65f9b98ab18273"}
,"D:\\work\\ReactCourses\\src\\App\\components\\Movies\\Movies.jsx": {"path":"D:\\work\\ReactCourses\\src\\App\\components\\Movies\\Movies.jsx","statementMap":{"0":{"start":{"line":5,"column":15},"end":{"line":19,"column":1}},"1":{"start":{"line":6,"column":4},"end":{"line":18,"column":15}},"2":{"start":{"line":9,"column":16},"end":{"line":15,"column":18}},"3":{"start":{"line":23,"column":0},"end":{"line":25,"column":2}}},"fnMap":{"0":{"name":"(anonymous_0)","decl":{"start":{"line":5,"column":15},"end":{"line":5,"column":16}},"loc":{"start":{"line":6,"column":4},"end":{"line":18,"column":15}},"line":6},"1":{"name":"(anonymous_1)","decl":{"start":{"line":8,"column":23},"end":{"line":8,"column":24}},"loc":{"start":{"line":9,"column":16},"end":{"line":15,"column":18}},"line":9}},"branchMap":{},"s":{"0":2,"1":0,"2":0,"3":2},"f":{"0":0,"1":0},"b":{},"_coverageSchema":"43e27e138ebf9cfc5966b082cf9a028302ed4184","hash":"7aab385b4f7b4cf04e5f24792a9fd400ccc88392"}
,"D:\\work\\ReactCourses\\src\\App\\components\\Movies\\index.js": {"path":"D:\\work\\ReactCourses\\src\\App\\components\\Movies\\index.js","statementMap":{},"fnMap":{},"branchMap":{},"s":{},"f":{},"b":{},"_coverageSchema":"43e27e138ebf9cfc5966b082cf9a028302ed4184","hash":"5d82bbaac692e3f4ac3c24292307d689194f6c72"}
,"D:\\work\\ReactCourses\\src\\App\\components\\Movies\\Movie\\Movie.jsx": {"path":"D:\\work\\ReactCourses\\src\\App\\components\\Movies\\Movie\\Movie.jsx","statementMap":{"0":{"start":{"line":5,"column":14},"end":{"line":24,"column":1}},"1":{"start":{"line":6,"column":4},"end":{"line":23,"column":10}},"2":{"start":{"line":13,"column":24},"end":{"line":18,"column":31}},"3":{"start":{"line":28,"column":0},"end":{"line":33,"column":2}}},"fnMap":{"0":{"name":"(anonymous_0)","decl":{"start":{"line":5,"column":14},"end":{"line":5,"column":15}},"loc":{"start":{"line":6,"column":4},"end":{"line":23,"column":10}},"line":6},"1":{"name":"(anonymous_1)","decl":{"start":{"line":12,"column":31},"end":{"line":12,"column":32}},"loc":{"start":{"line":13,"column":24},"end":{"line":18,"column":31}},"line":13}},"branchMap":{},"s":{"0":2,"1":0,"2":0,"3":2},"f":{"0":0,"1":0},"b":{},"_coverageSchema":"43e27e138ebf9cfc5966b082cf9a028302ed4184","hash":"1c7562e09bef65b163211fa1091be7c1cb0d8e20"}
,"D:\\work\\ReactCourses\\src\\App\\components\\Movies\\Movie\\index.js": {"path":"D:\\work\\ReactCourses\\src\\App\\components\\Movies\\Movie\\index.js","statementMap":{},"fnMap":{},"branchMap":{},"s":{},"f":{},"b":{},"_coverageSchema":"43e27e138ebf9cfc5966b082cf9a028302ed4184","hash":"0f774ac1aefa5ee41f0bfdf8ba0dce83b713c591"}
,"D:\\work\\ReactCourses\\src\\App\\components\\MoviesContent\\MoviesContent.jsx": {"path":"D:\\work\\ReactCourses\\src\\App\\components\\MoviesContent\\MoviesContent.jsx","statementMap":{"0":{"start":{"line":14,"column":8},"end":{"line":14,"column":31}},"1":{"start":{"line":18,"column":27},"end":{"line":18,"column":37}},"2":{"start":{"line":19,"column":8},"end":{"line":32,"column":10}},"3":{"start":{"line":36,"column":24},"end":{"line":45,"column":1}},"4":{"start":{"line":37,"column":24},"end":{"line":37,"column":122}},"5":{"start":{"line":37,"column":53},"end":{"line":37,"column":121}},"6":{"start":{"line":38,"column":24},"end":{"line":38,"column":144}},"7":{"start":{"line":38,"column":53},"end":{"line":38,"column":143}},"8":{"start":{"line":38,"column":80},"end":{"line":38,"column":142}},"9":{"start":{"line":39,"column":4},"end":{"line":44,"column":5}},"10":{"start":{"line":47,"column":27},"end":{"line":49,"column":12}},"11":{"start":{"line":47,"column":41},"end":{"line":49,"column":12}}},"fnMap":{"0":{"name":"(anonymous_0)","decl":{"start":{"line":13,"column":4},"end":{"line":13,"column":5}},"loc":{"start":{"line":13,"column":24},"end":{"line":15,"column":5}},"line":13},"1":{"name":"(anonymous_1)","decl":{"start":{"line":17,"column":4},"end":{"line":17,"column":5}},"loc":{"start":{"line":17,"column":13},"end":{"line":33,"column":5}},"line":17},"2":{"name":"(anonymous_2)","decl":{"start":{"line":36,"column":24},"end":{"line":36,"column":25}},"loc":{"start":{"line":36,"column":46},"end":{"line":45,"column":1}},"line":36},"3":{"name":"(anonymous_3)","decl":{"start":{"line":37,"column":44},"end":{"line":37,"column":45}},"loc":{"start":{"line":37,"column":53},"end":{"line":37,"column":121}},"line":37},"4":{"name":"(anonymous_4)","decl":{"start":{"line":38,"column":44},"end":{"line":38,"column":45}},"loc":{"start":{"line":38,"column":53},"end":{"line":38,"column":143}},"line":38},"5":{"name":"(anonymous_5)","decl":{"start":{"line":38,"column":71},"end":{"line":38,"column":72}},"loc":{"start":{"line":38,"column":80},"end":{"line":38,"column":142}},"line":38},"6":{"name":"(anonymous_6)","decl":{"start":{"line":47,"column":27},"end":{"line":47,"column":28}},"loc":{"start":{"line":47,"column":41},"end":{"line":49,"column":12}},"line":47}},"branchMap":{"0":{"loc":{"start":{"line":28,"column":26},"end":{"line":28,"column":95}},"type":"cond-expr","locations":[{"start":{"line":28,"column":49},"end":{"line":28,"column":61}},{"start":{"line":28,"column":64},"end":{"line":28,"column":95}}],"line":28},"1":{"loc":{"start":{"line":42,"column":19},"end":{"line":42,"column":70}},"type":"cond-expr","locations":[{"start":{"line":42,"column":45},"end":{"line":42,"column":56}},{"start":{"line":42,"column":59},"end":{"line":42,"column":70}}],"line":42}},"s":{"0":0,"1":0,"2":0,"3":2,"4":0,"5":0,"6":0,"7":0,"8":0,"9":0,"10":2,"11":0},"f":{"0":0,"1":0,"2":0,"3":0,"4":0,"5":0,"6":0},"b":{"0":[0,0],"1":[0,0]},"_coverageSchema":"43e27e138ebf9cfc5966b082cf9a028302ed4184","hash":"6364240d9931788a2f6a4df46bbba67d0b6cd41e"}
,"D:\\work\\ReactCourses\\src\\App\\components\\MoviesContent\\index.js": {"path":"D:\\work\\ReactCourses\\src\\App\\components\\MoviesContent\\index.js","statementMap":{},"fnMap":{},"branchMap":{},"s":{},"f":{},"b":{},"_coverageSchema":"43e27e138ebf9cfc5966b082cf9a028302ed4184","hash":"0bcf65b7f02d56d5497aa709e53348d19e12a926"}
,"D:\\work\\ReactCourses\\src\\App\\components\\SearchBar\\SearchBar.jsx": {"path":"D:\\work\\ReactCourses\\src\\App\\components\\SearchBar\\SearchBar.jsx","statementMap":{"0":{"start":{"line":18,"column":4},"end":{"line":18,"column":56}},"1":{"start":{"line":22,"column":4},"end":{"line":24,"column":6}},"2":{"start":{"line":27,"column":32},"end":{"line":29,"column":3}},"3":{"start":{"line":28,"column":4},"end":{"line":28,"column":39}},"4":{"start":{"line":32,"column":23},"end":{"line":32,"column":33}},"5":{"start":{"line":33,"column":4},"end":{"line":66,"column":5}},"6":{"start":{"line":70,"column":24},"end":{"line":73,"column":2}},"7":{"start":{"line":70,"column":47},"end":{"line":73,"column":1}},"8":{"start":{"line":75,"column":27},"end":{"line":78,"column":12}},"9":{"start":{"line":75,"column":41},"end":{"line":78,"column":12}}},"fnMap":{"0":{"name":"(anonymous_0)","decl":{"start":{"line":17,"column":16},"end":{"line":17,"column":17}},"loc":{"start":{"line":17,"column":22},"end":{"line":19,"column":3}},"line":17},"1":{"name":"(anonymous_1)","decl":{"start":{"line":21,"column":22},"end":{"line":21,"column":23}},"loc":{"start":{"line":21,"column":39},"end":{"line":25,"column":3}},"line":21},"2":{"name":"(anonymous_2)","decl":{"start":{"line":27,"column":21},"end":{"line":27,"column":22}},"loc":{"start":{"line":27,"column":32},"end":{"line":29,"column":3}},"line":27},"3":{"name":"(anonymous_3)","decl":{"start":{"line":27,"column":32},"end":{"line":27,"column":33}},"loc":{"start":{"line":27,"column":38},"end":{"line":29,"column":3}},"line":27},"4":{"name":"(anonymous_4)","decl":{"start":{"line":31,"column":2},"end":{"line":31,"column":3}},"loc":{"start":{"line":31,"column":11},"end":{"line":67,"column":3}},"line":31},"5":{"name":"(anonymous_5)","decl":{"start":{"line":70,"column":24},"end":{"line":70,"column":25}},"loc":{"start":{"line":70,"column":47},"end":{"line":73,"column":1}},"line":70},"6":{"name":"(anonymous_6)","decl":{"start":{"line":75,"column":27},"end":{"line":75,"column":28}},"loc":{"start":{"line":75,"column":41},"end":{"line":78,"column":12}},"line":75}},"branchMap":{"0":{"loc":{"start":{"line":45,"column":24},"end":{"line":45,"column":63}},"type":"cond-expr","locations":[{"start":{"line":45,"column":50},"end":{"line":45,"column":58}},{"start":{"line":45,"column":61},"end":{"line":45,"column":63}}],"line":45},"1":{"loc":{"start":{"line":51,"column":24},"end":{"line":51,"column":63}},"type":"cond-expr","locations":[{"start":{"line":51,"column":50},"end":{"line":51,"column":58}},{"start":{"line":51,"column":61},"end":{"line":51,"column":63}}],"line":51}},"s":{"0":0,"1":0,"2":0,"3":0,"4":0,"5":0,"6":1,"7":0,"8":1,"9":0},"f":{"0":0,"1":0,"2":0,"3":0,"4":0,"5":0,"6":0},"b":{"0":[0,0],"1":[0,0]},"_coverageSchema":"43e27e138ebf9cfc5966b082cf9a028302ed4184","hash":"b6097612f00cc3c5afb2893aac8b72e32eb84d80"}
,"D:\\work\\ReactCourses\\src\\App\\components\\SearchBar\\index.js": {"path":"D:\\work\\ReactCourses\\src\\App\\components\\SearchBar\\index.js","statementMap":{},"fnMap":{},"branchMap":{},"s":{},"f":{},"b":{},"_coverageSchema":"43e27e138ebf9cfc5966b082cf9a028302ed4184","hash":"e7fa04d4df45406483247668ea131118a80258da"}
,"D:\\work\\ReactCourses\\src\\SharedComponents\\Button\\Button.jsx": {"path":"D:\\work\\ReactCourses\\src\\SharedComponents\\Button\\Button.jsx","statementMap":{"0":{"start":{"line":5,"column":15},"end":{"line":18,"column":1}},"1":{"start":{"line":6,"column":4},"end":{"line":17,"column":6}}},"fnMap":{"0":{"name":"(anonymous_0)","decl":{"start":{"line":5,"column":15},"end":{"line":5,"column":16}},"loc":{"start":{"line":5,"column":52},"end":{"line":18,"column":1}},"line":5}},"branchMap":{},"s":{"0":1,"1":0},"f":{"0":0},"b":{},"_coverageSchema":"43e27e138ebf9cfc5966b082cf9a028302ed4184","hash":"b4caa607fed8ccac865ae9e9d3983d182634ec97"}
,"D:\\work\\ReactCourses\\src\\SharedComponents\\Button\\index.js": {"path":"D:\\work\\ReactCourses\\src\\SharedComponents\\Button\\index.js","statementMap":{},"fnMap":{},"branchMap":{},"s":{},"f":{},"b":{},"_coverageSchema":"43e27e138ebf9cfc5966b082cf9a028302ed4184","hash":"9fdb8016e7ccd7628f89633c79b9328cd63cbf64"}
,"D:\\work\\ReactCourses\\src\\SharedComponents\\Input\\Input.jsx": {"path":"D:\\work\\ReactCourses\\src\\SharedComponents\\Input\\Input.jsx","statementMap":{"0":{"start":{"line":7,"column":8},"end":{"line":13,"column":10}},"1":{"start":{"line":11,"column":33},"end":{"line":11,"column":68}}},"fnMap":{"0":{"name":"(anonymous_0)","decl":{"start":{"line":6,"column":4},"end":{"line":6,"column":5}},"loc":{"start":{"line":6,"column":13},"end":{"line":14,"column":5}},"line":6},"1":{"name":"(anonymous_1)","decl":{"start":{"line":11,"column":26},"end":{"line":11,"column":27}},"loc":{"start":{"line":11,"column":33},"end":{"line":11,"column":68}},"line":11}},"branchMap":{},"s":{"0":2,"1":1},"f":{"0":2,"1":1},"b":{},"_coverageSchema":"43e27e138ebf9cfc5966b082cf9a028302ed4184","hash":"35caa1fc2acd0a9c12a5e926716a3e513cff8ac7"}
,"D:\\work\\ReactCourses\\src\\SharedComponents\\Input\\index.js": {"path":"D:\\work\\ReactCourses\\src\\SharedComponents\\Input\\index.js","statementMap":{},"fnMap":{},"branchMap":{},"s":{},"f":{},"b":{},"_coverageSchema":"43e27e138ebf9cfc5966b082cf9a028302ed4184","hash":"0fd7f0b15fb920eda288d1ddb5eb7584fccf4ba6"}
,"D:\\work\\ReactCourses\\src\\SharedComponents\\Logo\\Logo.jsx": {"path":"D:\\work\\ReactCourses\\src\\SharedComponents\\Logo\\Logo.jsx","statementMap":{"0":{"start":{"line":5,"column":20},"end":{"line":14,"column":1}},"1":{"start":{"line":6,"column":4},"end":{"line":13,"column":6}}},"fnMap":{"0":{"name":"(anonymous_0)","decl":{"start":{"line":5,"column":20},"end":{"line":5,"column":21}},"loc":{"start":{"line":5,"column":26},"end":{"line":14,"column":1}},"line":5}},"branchMap":{},"s":{"0":2,"1":1},"f":{"0":1},"b":{},"_coverageSchema":"43e27e138ebf9cfc5966b082cf9a028302ed4184","hash":"4adccd2c96a01cae914c152a6e9f8b38f9944f0f"}
,"D:\\work\\ReactCourses\\src\\SharedComponents\\Logo\\index.js": {"path":"D:\\work\\ReactCourses\\src\\SharedComponents\\Logo\\index.js","statementMap":{},"fnMap":{},"branchMap":{},"s":{},"f":{},"b":{},"_coverageSchema":"43e27e138ebf9cfc5966b082cf9a028302ed4184","hash":"4207ad3d022191a61363b1a717c4ed161eff99cd"}
,"D:\\work\\ReactCourses\\src\\SharedComponents\\Preloader\\Preloader.jsx": {"path":"D:\\work\\ReactCourses\\src\\SharedComponents\\Preloader\\Preloader.jsx","statementMap":{"0":{"start":{"line":3,"column":18},"end":{"line":9,"column":1}},"1":{"start":{"line":4,"column":4},"end":{"line":8,"column":6}}},"fnMap":{"0":{"name":"(anonymous_0)","decl":{"start":{"line":3,"column":18},"end":{"line":3,"column":19}},"loc":{"start":{"line":3,"column":24},"end":{"line":9,"column":1}},"line":3}},"branchMap":{},"s":{"0":3,"1":1},"f":{"0":1},"b":{},"_coverageSchema":"43e27e138ebf9cfc5966b082cf9a028302ed4184","hash":"6e0ef3fe9c923df2e19ee47d92378fc686252e7d"}
,"D:\\work\\ReactCourses\\src\\SharedComponents\\Preloader\\index.js": {"path":"D:\\work\\ReactCourses\\src\\SharedComponents\\Preloader\\index.js","statementMap":{},"fnMap":{},"branchMap":{},"s":{},"f":{},"b":{},"_coverageSchema":"43e27e138ebf9cfc5966b082cf9a028302ed4184","hash":"ff7c94de2f8ff8f59995c587613a0911f3831ef4"}
,"D:\\work\\ReactCourses\\src\\SharedComponents\\Wrapper\\Wrapper.jsx": {"path":"D:\\work\\ReactCourses\\src\\SharedComponents\\Wrapper\\Wrapper.jsx","statementMap":{"0":{"start":{"line":5,"column":16},"end":{"line":17,"column":1}},"1":{"start":{"line":6,"column":4},"end":{"line":16,"column":6}}},"fnMap":{"0":{"name":"(anonymous_0)","decl":{"start":{"line":5,"column":16},"end":{"line":5,"column":17}},"loc":{"start":{"line":5,"column":43},"end":{"line":17,"column":1}},"line":5}},"branchMap":{},"s":{"0":3,"1":1},"f":{"0":1},"b":{},"_coverageSchema":"43e27e138ebf9cfc5966b082cf9a028302ed4184","hash":"7d70504f3241ff391853445ada6f431b27676f73"}
,"D:\\work\\ReactCourses\\src\\SharedComponents\\Wrapper\\index.js": {"path":"D:\\work\\ReactCourses\\src\\SharedComponents\\Wrapper\\index.js","statementMap":{},"fnMap":{},"branchMap":{},"s":{},"f":{},"b":{},"_coverageSchema":"43e27e138ebf9cfc5966b082cf9a028302ed4184","hash":"e8a2d0a33f9db270ff3b7cedfa9de8bc19f4b648"}
,"D:\\work\\ReactCourses\\src\\redux\\actions\\movies.js": {"path":"D:\\work\\ReactCourses\\src\\redux\\actions\\movies.js","statementMap":{"0":{"start":{"line":3,"column":34},"end":{"line":3,"column":54}},"1":{"start":{"line":4,"column":34},"end":{"line":4,"column":54}},"2":{"start":{"line":5,"column":34},"end":{"line":5,"column":54}},"3":{"start":{"line":7,"column":26},"end":{"line":26,"column":1}},"4":{"start":{"line":8,"column":4},"end":{"line":25,"column":5}},"5":{"start":{"line":9,"column":8},"end":{"line":11,"column":11}},"6":{"start":{"line":12,"column":8},"end":{"line":24,"column":14}},"7":{"start":{"line":14,"column":16},"end":{"line":17,"column":18}},"8":{"start":{"line":20,"column":16},"end":{"line":23,"column":18}}},"fnMap":{"0":{"name":"(anonymous_0)","decl":{"start":{"line":7,"column":26},"end":{"line":7,"column":27}},"loc":{"start":{"line":7,"column":32},"end":{"line":26,"column":1}},"line":7},"1":{"name":"(anonymous_1)","decl":{"start":{"line":8,"column":11},"end":{"line":8,"column":12}},"loc":{"start":{"line":8,"column":25},"end":{"line":25,"column":5}},"line":8},"2":{"name":"(anonymous_2)","decl":{"start":{"line":13,"column":18},"end":{"line":13,"column":19}},"loc":{"start":{"line":13,"column":30},"end":{"line":18,"column":13}},"line":13},"3":{"name":"(anonymous_3)","decl":{"start":{"line":19,"column":19},"end":{"line":19,"column":20}},"loc":{"start":{"line":19,"column":30},"end":{"line":24,"column":13}},"line":19}},"branchMap":{},"s":{"0":3,"1":3,"2":3,"3":3,"4":1,"5":1,"6":1,"7":1,"8":0},"f":{"0":1,"1":1,"2":1,"3":0},"b":{},"_coverageSchema":"43e27e138ebf9cfc5966b082cf9a028302ed4184","hash":"8764c0eb631f060bff6cb309443d1ffdbce60291"}
,"D:\\work\\ReactCourses\\src\\redux\\actions\\search.js": {"path":"D:\\work\\ReactCourses\\src\\redux\\actions\\search.js","statementMap":{"0":{"start":{"line":1,"column":35},"end":{"line":1,"column":56}},"1":{"start":{"line":2,"column":34},"end":{"line":2,"column":54}},"2":{"start":{"line":4,"column":33},"end":{"line":7,"column":2}},"3":{"start":{"line":4,"column":45},"end":{"line":7,"column":1}},"4":{"start":{"line":9,"column":32},"end":{"line":12,"column":2}},"5":{"start":{"line":9,"column":43},"end":{"line":12,"column":1}}},"fnMap":{"0":{"name":"(anonymous_0)","decl":{"start":{"line":4,"column":33},"end":{"line":4,"column":34}},"loc":{"start":{"line":4,"column":45},"end":{"line":7,"column":1}},"line":4},"1":{"name":"(anonymous_1)","decl":{"start":{"line":9,"column":32},"end":{"line":9,"column":33}},"loc":{"start":{"line":9,"column":43},"end":{"line":12,"column":1}},"line":9}},"branchMap":{},"s":{"0":2,"1":2,"2":2,"3":1,"4":2,"5":1},"f":{"0":1,"1":1},"b":{},"_coverageSchema":"43e27e138ebf9cfc5966b082cf9a028302ed4184","hash":"c3144e115c5145e86cd870ead0f663b88429254b"}
}
