{"D:\\work\\ReactCourses\\src\\App\\App.jsx": {"path":"D:\\work\\ReactCourses\\src\\App\\App.jsx","statementMap":{"0":{"start":{"line":8,"column":8},"end":{"line":14,"column":10}}},"fnMap":{"0":{"name":"(anonymous_0)","decl":{"start":{"line":7,"column":4},"end":{"line":7,"column":5}},"loc":{"start":{"line":7,"column":13},"end":{"line":15,"column":5}},"line":7}},"branchMap":{},"s":{"0":1},"f":{"0":1},"b":{},"_coverageSchema":"43e27e138ebf9cfc5966b082cf9a028302ed4184","hash":"f0263ad5c20876bbfcdb5b2e683bd78fdc3e0a13"}
,"D:\\work\\ReactCourses\\src\\App\\components\\Footer\\Footer.jsx": {"path":"D:\\work\\ReactCourses\\src\\App\\components\\Footer\\Footer.jsx","statementMap":{"0":{"start":{"line":7,"column":15},"end":{"line":15,"column":1}},"1":{"start":{"line":8,"column":4},"end":{"line":14,"column":6}}},"fnMap":{"0":{"name":"(anonymous_0)","decl":{"start":{"line":7,"column":15},"end":{"line":7,"column":16}},"loc":{"start":{"line":7,"column":21},"end":{"line":15,"column":1}},"line":7}},"branchMap":{},"s":{"0":2,"1":1},"f":{"0":1},"b":{},"_coverageSchema":"43e27e138ebf9cfc5966b082cf9a028302ed4184","hash":"d9d194872b17a7c7e2eba057bd538cdcc303be83"}
,"D:\\work\\ReactCourses\\src\\App\\components\\Footer\\index.js": {"path":"D:\\work\\ReactCourses\\src\\App\\components\\Footer\\index.js","statementMap":{},"fnMap":{},"branchMap":{},"s":{},"f":{},"b":{},"_coverageSchema":"43e27e138ebf9cfc5966b082cf9a028302ed4184","hash":"64414c77b795f119645a8078b07067379b3d1e43"}
,"D:\\work\\ReactCourses\\src\\App\\components\\Header\\Header.jsx": {"path":"D:\\work\\ReactCourses\\src\\App\\components\\Header\\Header.jsx","statementMap":{"0":{"start":{"line":8,"column":15},"end":{"line":19,"column":1}},"1":{"start":{"line":9,"column":4},"end":{"line":18,"column":6}}},"fnMap":{"0":{"name":"(anonymous_0)","decl":{"start":{"line":8,"column":15},"end":{"line":8,"column":16}},"loc":{"start":{"line":8,"column":21},"end":{"line":19,"column":1}},"line":8}},"branchMap":{},"s":{"0":2,"1":1},"f":{"0":1},"b":{},"_coverageSchema":"43e27e138ebf9cfc5966b082cf9a028302ed4184","hash":"82cc6b9d3594ac07c34b761166f374703f2f973c"}
,"D:\\work\\ReactCourses\\src\\App\\components\\Header\\index.js": {"path":"D:\\work\\ReactCourses\\src\\App\\components\\Header\\index.js","statementMap":{},"fnMap":{},"branchMap":{},"s":{},"f":{},"b":{},"_coverageSchema":"43e27e138ebf9cfc5966b082cf9a028302ed4184","hash":"a3e000b9937f0ee7e5804ef5cc65f9b98ab18273"}
,"D:\\work\\ReactCourses\\src\\App\\components\\Movies\\Movies.jsx": {"path":"D:\\work\\ReactCourses\\src\\App\\components\\Movies\\Movies.jsx","statementMap":{"0":{"start":{"line":5,"column":15},"end":{"line":19,"column":1}},"1":{"start":{"line":6,"column":4},"end":{"line":18,"column":15}},"2":{"start":{"line":9,"column":16},"end":{"line":15,"column":18}},"3":{"start":{"line":23,"column":0},"end":{"line":25,"column":2}}},"fnMap":{"0":{"name":"(anonymous_0)","decl":{"start":{"line":5,"column":15},"end":{"line":5,"column":16}},"loc":{"start":{"line":6,"column":4},"end":{"line":18,"column":15}},"line":6},"1":{"name":"(anonymous_1)","decl":{"start":{"line":8,"column":23},"end":{"line":8,"column":24}},"loc":{"start":{"line":9,"column":16},"end":{"line":15,"column":18}},"line":9}},"branchMap":{},"s":{"0":3,"1":2,"2":2,"3":3},"f":{"0":2,"1":2},"b":{},"_coverageSchema":"43e27e138ebf9cfc5966b082cf9a028302ed4184","hash":"7aab385b4f7b4cf04e5f24792a9fd400ccc88392"}
,"D:\\work\\ReactCourses\\src\\App\\components\\Movies\\index.js": {"path":"D:\\work\\ReactCourses\\src\\App\\components\\Movies\\index.js","statementMap":{},"fnMap":{},"branchMap":{},"s":{},"f":{},"b":{},"_coverageSchema":"43e27e138ebf9cfc5966b082cf9a028302ed4184","hash":"5d82bbaac692e3f4ac3c24292307d689194f6c72"}
,"D:\\work\\ReactCourses\\src\\App\\components\\Movies\\Movie\\Movie.jsx": {"path":"D:\\work\\ReactCourses\\src\\App\\components\\Movies\\Movie\\Movie.jsx","statementMap":{"0":{"start":{"line":5,"column":14},"end":{"line":24,"column":1}},"1":{"start":{"line":6,"column":4},"end":{"line":23,"column":10}},"2":{"start":{"line":13,"column":24},"end":{"line":18,"column":31}},"3":{"start":{"line":28,"column":0},"end":{"line":33,"column":2}}},"fnMap":{"0":{"name":"(anonymous_0)","decl":{"start":{"line":5,"column":14},"end":{"line":5,"column":15}},"loc":{"start":{"line":6,"column":4},"end":{"line":23,"column":10}},"line":6},"1":{"name":"(anonymous_1)","decl":{"start":{"line":12,"column":31},"end":{"line":12,"column":32}},"loc":{"start":{"line":13,"column":24},"end":{"line":18,"column":31}},"line":13}},"branchMap":{},"s":{"0":3,"1":2,"2":6,"3":3},"f":{"0":2,"1":6},"b":{},"_coverageSchema":"43e27e138ebf9cfc5966b082cf9a028302ed4184","hash":"1c7562e09bef65b163211fa1091be7c1cb0d8e20"}
,"D:\\work\\ReactCourses\\src\\App\\components\\Movies\\Movie\\index.js": {"path":"D:\\work\\ReactCourses\\src\\App\\components\\Movies\\Movie\\index.js","statementMap":{},"fnMap":{},"branchMap":{},"s":{},"f":{},"b":{},"_coverageSchema":"43e27e138ebf9cfc5966b082cf9a028302ed4184","hash":"0f774ac1aefa5ee41f0bfdf8ba0dce83b713c591"}
,"D:\\work\\ReactCourses\\src\\App\\components\\MoviesContent\\MoviesContent.jsx": {"path":"D:\\work\\ReactCourses\\src\\App\\components\\MoviesContent\\MoviesContent.jsx","statementMap":{"0":{"start":{"line":14,"column":8},"end":{"line":14,"column":32}},"1":{"start":{"line":18,"column":27},"end":{"line":18,"column":37}},"2":{"start":{"line":19,"column":8},"end":{"line":32,"column":10}},"3":{"start":{"line":36,"column":24},"end":{"line":46,"column":1}},"4":{"start":{"line":37,"column":24},"end":{"line":37,"column":122}},"5":{"start":{"line":37,"column":53},"end":{"line":37,"column":121}},"6":{"start":{"line":38,"column":24},"end":{"line":38,"column":144}},"7":{"start":{"line":38,"column":53},"end":{"line":38,"column":143}},"8":{"start":{"line":38,"column":80},"end":{"line":38,"column":142}},"9":{"start":{"line":39,"column":4},"end":{"line":45,"column":5}},"10":{"start":{"line":48,"column":27},"end":{"line":50,"column":12}},"11":{"start":{"line":48,"column":41},"end":{"line":50,"column":12}}},"fnMap":{"0":{"name":"(anonymous_0)","decl":{"start":{"line":13,"column":4},"end":{"line":13,"column":5}},"loc":{"start":{"line":13,"column":24},"end":{"line":15,"column":5}},"line":13},"1":{"name":"(anonymous_1)","decl":{"start":{"line":17,"column":4},"end":{"line":17,"column":5}},"loc":{"start":{"line":17,"column":13},"end":{"line":33,"column":5}},"line":17},"2":{"name":"(anonymous_2)","decl":{"start":{"line":36,"column":24},"end":{"line":36,"column":25}},"loc":{"start":{"line":36,"column":46},"end":{"line":46,"column":1}},"line":36},"3":{"name":"(anonymous_3)","decl":{"start":{"line":37,"column":44},"end":{"line":37,"column":45}},"loc":{"start":{"line":37,"column":53},"end":{"line":37,"column":121}},"line":37},"4":{"name":"(anonymous_4)","decl":{"start":{"line":38,"column":44},"end":{"line":38,"column":45}},"loc":{"start":{"line":38,"column":53},"end":{"line":38,"column":143}},"line":38},"5":{"name":"(anonymous_5)","decl":{"start":{"line":38,"column":71},"end":{"line":38,"column":72}},"loc":{"start":{"line":38,"column":80},"end":{"line":38,"column":142}},"line":38},"6":{"name":"(anonymous_6)","decl":{"start":{"line":48,"column":27},"end":{"line":48,"column":28}},"loc":{"start":{"line":48,"column":41},"end":{"line":50,"column":12}},"line":48}},"branchMap":{"0":{"loc":{"start":{"line":28,"column":26},"end":{"line":28,"column":95}},"type":"cond-expr","locations":[{"start":{"line":28,"column":49},"end":{"line":28,"column":61}},{"start":{"line":28,"column":64},"end":{"line":28,"column":95}}],"line":28},"1":{"loc":{"start":{"line":42,"column":19},"end":{"line":42,"column":70}},"type":"cond-expr","locations":[{"start":{"line":42,"column":45},"end":{"line":42,"column":56}},{"start":{"line":42,"column":59},"end":{"line":42,"column":70}}],"line":42}},"s":{"0":2,"1":2,"2":2,"3":2,"4":2,"5":0,"6":2,"7":0,"8":0,"9":2,"10":2,"11":2},"f":{"0":2,"1":2,"2":2,"3":0,"4":0,"5":0,"6":2},"b":{"0":[1,1],"1":[1,1]},"_coverageSchema":"43e27e138ebf9cfc5966b082cf9a028302ed4184","hash":"37d25fa6dfe3a7a645af0ab1e6829aa25f5acb6c"}
,"D:\\work\\ReactCourses\\src\\App\\components\\MoviesContent\\index.js": {"path":"D:\\work\\ReactCourses\\src\\App\\components\\MoviesContent\\index.js","statementMap":{},"fnMap":{},"branchMap":{},"s":{},"f":{},"b":{},"_coverageSchema":"43e27e138ebf9cfc5966b082cf9a028302ed4184","hash":"0bcf65b7f02d56d5497aa709e53348d19e12a926"}
,"D:\\work\\ReactCourses\\src\\App\\components\\SearchBar\\SearchBar.jsx": {"path":"D:\\work\\ReactCourses\\src\\App\\components\\SearchBar\\SearchBar.jsx","statementMap":{"0":{"start":{"line":21,"column":4},"end":{"line":21,"column":56}},"1":{"start":{"line":25,"column":4},"end":{"line":27,"column":6}},"2":{"start":{"line":30,"column":32},"end":{"line":32,"column":3}},"3":{"start":{"line":31,"column":4},"end":{"line":31,"column":39}},"4":{"start":{"line":35,"column":23},"end":{"line":35,"column":33}},"5":{"start":{"line":36,"column":4},"end":{"line":69,"column":5}},"6":{"start":{"line":73,"column":24},"end":{"line":76,"column":2}},"7":{"start":{"line":73,"column":47},"end":{"line":76,"column":1}},"8":{"start":{"line":78,"column":27},"end":{"line":81,"column":12}},"9":{"start":{"line":78,"column":41},"end":{"line":81,"column":12}}},"fnMap":{"0":{"name":"(anonymous_0)","decl":{"start":{"line":20,"column":16},"end":{"line":20,"column":17}},"loc":{"start":{"line":20,"column":22},"end":{"line":22,"column":3}},"line":20},"1":{"name":"(anonymous_1)","decl":{"start":{"line":24,"column":22},"end":{"line":24,"column":23}},"loc":{"start":{"line":24,"column":39},"end":{"line":28,"column":3}},"line":24},"2":{"name":"(anonymous_2)","decl":{"start":{"line":30,"column":21},"end":{"line":30,"column":22}},"loc":{"start":{"line":30,"column":32},"end":{"line":32,"column":3}},"line":30},"3":{"name":"(anonymous_3)","decl":{"start":{"line":30,"column":32},"end":{"line":30,"column":33}},"loc":{"start":{"line":30,"column":38},"end":{"line":32,"column":3}},"line":30},"4":{"name":"(anonymous_4)","decl":{"start":{"line":34,"column":2},"end":{"line":34,"column":3}},"loc":{"start":{"line":34,"column":11},"end":{"line":70,"column":3}},"line":34},"5":{"name":"(anonymous_5)","decl":{"start":{"line":73,"column":24},"end":{"line":73,"column":25}},"loc":{"start":{"line":73,"column":47},"end":{"line":76,"column":1}},"line":73},"6":{"name":"(anonymous_6)","decl":{"start":{"line":78,"column":27},"end":{"line":78,"column":28}},"loc":{"start":{"line":78,"column":41},"end":{"line":81,"column":12}},"line":78}},"branchMap":{"0":{"loc":{"start":{"line":48,"column":24},"end":{"line":48,"column":63}},"type":"cond-expr","locations":[{"start":{"line":48,"column":50},"end":{"line":48,"column":58}},{"start":{"line":48,"column":61},"end":{"line":48,"column":63}}],"line":48},"1":{"loc":{"start":{"line":54,"column":24},"end":{"line":54,"column":63}},"type":"cond-expr","locations":[{"start":{"line":54,"column":50},"end":{"line":54,"column":58}},{"start":{"line":54,"column":61},"end":{"line":54,"column":63}}],"line":54}},"s":{"0":1,"1":1,"2":10,"3":1,"4":5,"5":5,"6":3,"7":4,"8":3,"9":4},"f":{"0":1,"1":1,"2":10,"3":1,"4":5,"5":4,"6":4},"b":{"0":[5,0],"1":[0,5]},"_coverageSchema":"43e27e138ebf9cfc5966b082cf9a028302ed4184","hash":"67004eea7986ff2377dc6e1ee75c2926fd8ef641"}
,"D:\\work\\ReactCourses\\src\\App\\components\\SearchBar\\index.js": {"path":"D:\\work\\ReactCourses\\src\\App\\components\\SearchBar\\index.js","statementMap":{},"fnMap":{},"branchMap":{},"s":{},"f":{},"b":{},"_coverageSchema":"43e27e138ebf9cfc5966b082cf9a028302ed4184","hash":"e7fa04d4df45406483247668ea131118a80258da"}
,"D:\\work\\ReactCourses\\src\\SharedComponents\\Button\\Button.jsx": {"path":"D:\\work\\ReactCourses\\src\\SharedComponents\\Button\\Button.jsx","statementMap":{"0":{"start":{"line":5,"column":15},"end":{"line":18,"column":1}},"1":{"start":{"line":6,"column":4},"end":{"line":17,"column":6}}},"fnMap":{"0":{"name":"(anonymous_0)","decl":{"start":{"line":5,"column":15},"end":{"line":5,"column":16}},"loc":{"start":{"line":5,"column":52},"end":{"line":18,"column":1}},"line":5}},"branchMap":{},"s":{"0":3,"1":15},"f":{"0":15},"b":{},"_coverageSchema":"43e27e138ebf9cfc5966b082cf9a028302ed4184","hash":"b4caa607fed8ccac865ae9e9d3983d182634ec97"}
,"D:\\work\\ReactCourses\\src\\SharedComponents\\Button\\index.js": {"path":"D:\\work\\ReactCourses\\src\\SharedComponents\\Button\\index.js","statementMap":{},"fnMap":{},"branchMap":{},"s":{},"f":{},"b":{},"_coverageSchema":"43e27e138ebf9cfc5966b082cf9a028302ed4184","hash":"9fdb8016e7ccd7628f89633c79b9328cd63cbf64"}
,"D:\\work\\ReactCourses\\src\\SharedComponents\\Input\\Input.jsx": {"path":"D:\\work\\ReactCourses\\src\\SharedComponents\\Input\\Input.jsx","statementMap":{"0":{"start":{"line":7,"column":8},"end":{"line":13,"column":10}},"1":{"start":{"line":11,"column":33},"end":{"line":11,"column":68}}},"fnMap":{"0":{"name":"(anonymous_0)","decl":{"start":{"line":6,"column":4},"end":{"line":6,"column":5}},"loc":{"start":{"line":6,"column":13},"end":{"line":14,"column":5}},"line":6},"1":{"name":"(anonymous_1)","decl":{"start":{"line":11,"column":26},"end":{"line":11,"column":27}},"loc":{"start":{"line":11,"column":33},"end":{"line":11,"column":68}},"line":11}},"branchMap":{},"s":{"0":7,"1":2},"f":{"0":7,"1":2},"b":{},"_coverageSchema":"43e27e138ebf9cfc5966b082cf9a028302ed4184","hash":"35caa1fc2acd0a9c12a5e926716a3e513cff8ac7"}
,"D:\\work\\ReactCourses\\src\\SharedComponents\\Input\\index.js": {"path":"D:\\work\\ReactCourses\\src\\SharedComponents\\Input\\index.js","statementMap":{},"fnMap":{},"branchMap":{},"s":{},"f":{},"b":{},"_coverageSchema":"43e27e138ebf9cfc5966b082cf9a028302ed4184","hash":"0fd7f0b15fb920eda288d1ddb5eb7584fccf4ba6"}
,"D:\\work\\ReactCourses\\src\\SharedComponents\\Logo\\Logo.jsx": {"path":"D:\\work\\ReactCourses\\src\\SharedComponents\\Logo\\Logo.jsx","statementMap":{"0":{"start":{"line":5,"column":20},"end":{"line":14,"column":1}},"1":{"start":{"line":6,"column":4},"end":{"line":13,"column":6}}},"fnMap":{"0":{"name":"(anonymous_0)","decl":{"start":{"line":5,"column":20},"end":{"line":5,"column":21}},"loc":{"start":{"line":5,"column":26},"end":{"line":14,"column":1}},"line":5}},"branchMap":{},"s":{"0":4,"1":1},"f":{"0":1},"b":{},"_coverageSchema":"43e27e138ebf9cfc5966b082cf9a028302ed4184","hash":"4adccd2c96a01cae914c152a6e9f8b38f9944f0f"}
,"D:\\work\\ReactCourses\\src\\SharedComponents\\Logo\\index.js": {"path":"D:\\work\\ReactCourses\\src\\SharedComponents\\Logo\\index.js","statementMap":{},"fnMap":{},"branchMap":{},"s":{},"f":{},"b":{},"_coverageSchema":"43e27e138ebf9cfc5966b082cf9a028302ed4184","hash":"4207ad3d022191a61363b1a717c4ed161eff99cd"}
,"D:\\work\\ReactCourses\\src\\SharedComponents\\Preloader\\Preloader.jsx": {"path":"D:\\work\\ReactCourses\\src\\SharedComponents\\Preloader\\Preloader.jsx","statementMap":{"0":{"start":{"line":3,"column":18},"end":{"line":9,"column":1}},"1":{"start":{"line":4,"column":4},"end":{"line":8,"column":6}}},"fnMap":{"0":{"name":"(anonymous_0)","decl":{"start":{"line":3,"column":18},"end":{"line":3,"column":19}},"loc":{"start":{"line":3,"column":24},"end":{"line":9,"column":1}},"line":3}},"branchMap":{},"s":{"0":3,"1":2},"f":{"0":2},"b":{},"_coverageSchema":"43e27e138ebf9cfc5966b082cf9a028302ed4184","hash":"6e0ef3fe9c923df2e19ee47d92378fc686252e7d"}
,"D:\\work\\ReactCourses\\src\\SharedComponents\\Preloader\\index.js": {"path":"D:\\work\\ReactCourses\\src\\SharedComponents\\Preloader\\index.js","statementMap":{},"fnMap":{},"branchMap":{},"s":{},"f":{},"b":{},"_coverageSchema":"43e27e138ebf9cfc5966b082cf9a028302ed4184","hash":"ff7c94de2f8ff8f59995c587613a0911f3831ef4"}
,"D:\\work\\ReactCourses\\src\\SharedComponents\\Wrapper\\Wrapper.jsx": {"path":"D:\\work\\ReactCourses\\src\\SharedComponents\\Wrapper\\Wrapper.jsx","statementMap":{"0":{"start":{"line":5,"column":16},"end":{"line":17,"column":1}},"1":{"start":{"line":6,"column":4},"end":{"line":16,"column":6}}},"fnMap":{"0":{"name":"(anonymous_0)","decl":{"start":{"line":5,"column":16},"end":{"line":5,"column":17}},"loc":{"start":{"line":5,"column":43},"end":{"line":17,"column":1}},"line":5}},"branchMap":{},"s":{"0":5,"1":5},"f":{"0":5},"b":{},"_coverageSchema":"43e27e138ebf9cfc5966b082cf9a028302ed4184","hash":"7d70504f3241ff391853445ada6f431b27676f73"}
,"D:\\work\\ReactCourses\\src\\SharedComponents\\Wrapper\\index.js": {"path":"D:\\work\\ReactCourses\\src\\SharedComponents\\Wrapper\\index.js","statementMap":{},"fnMap":{},"branchMap":{},"s":{},"f":{},"b":{},"_coverageSchema":"43e27e138ebf9cfc5966b082cf9a028302ed4184","hash":"e8a2d0a33f9db270ff3b7cedfa9de8bc19f4b648"}
,"D:\\work\\ReactCourses\\src\\redux\\actions\\movies.js": {"path":"D:\\work\\ReactCourses\\src\\redux\\actions\\movies.js","statementMap":{"0":{"start":{"line":3,"column":34},"end":{"line":3,"column":54}},"1":{"start":{"line":4,"column":34},"end":{"line":4,"column":54}},"2":{"start":{"line":5,"column":34},"end":{"line":5,"column":54}},"3":{"start":{"line":7,"column":26},"end":{"line":26,"column":1}},"4":{"start":{"line":8,"column":4},"end":{"line":25,"column":5}},"5":{"start":{"line":9,"column":8},"end":{"line":11,"column":11}},"6":{"start":{"line":12,"column":8},"end":{"line":24,"column":14}},"7":{"start":{"line":14,"column":16},"end":{"line":17,"column":18}},"8":{"start":{"line":20,"column":16},"end":{"line":23,"column":18}}},"fnMap":{"0":{"name":"(anonymous_0)","decl":{"start":{"line":7,"column":26},"end":{"line":7,"column":27}},"loc":{"start":{"line":7,"column":32},"end":{"line":26,"column":1}},"line":7},"1":{"name":"(anonymous_1)","decl":{"start":{"line":8,"column":11},"end":{"line":8,"column":12}},"loc":{"start":{"line":8,"column":25},"end":{"line":25,"column":5}},"line":8},"2":{"name":"(anonymous_2)","decl":{"start":{"line":13,"column":18},"end":{"line":13,"column":19}},"loc":{"start":{"line":13,"column":30},"end":{"line":18,"column":13}},"line":13},"3":{"name":"(anonymous_3)","decl":{"start":{"line":19,"column":19},"end":{"line":19,"column":20}},"loc":{"start":{"line":19,"column":30},"end":{"line":24,"column":13}},"line":19}},"branchMap":{},"s":{"0":5,"1":5,"2":5,"3":5,"4":3,"5":3,"6":3,"7":1,"8":0},"f":{"0":3,"1":3,"2":1,"3":0},"b":{},"_coverageSchema":"43e27e138ebf9cfc5966b082cf9a028302ed4184","hash":"8764c0eb631f060bff6cb309443d1ffdbce60291"}
,"D:\\work\\ReactCourses\\src\\redux\\actions\\search.js": {"path":"D:\\work\\ReactCourses\\src\\redux\\actions\\search.js","statementMap":{"0":{"start":{"line":1,"column":35},"end":{"line":1,"column":56}},"1":{"start":{"line":2,"column":34},"end":{"line":2,"column":54}},"2":{"start":{"line":4,"column":33},"end":{"line":7,"column":2}},"3":{"start":{"line":4,"column":45},"end":{"line":7,"column":1}},"4":{"start":{"line":9,"column":32},"end":{"line":12,"column":2}},"5":{"start":{"line":9,"column":43},"end":{"line":12,"column":1}}},"fnMap":{"0":{"name":"(anonymous_0)","decl":{"start":{"line":4,"column":33},"end":{"line":4,"column":34}},"loc":{"start":{"line":4,"column":45},"end":{"line":7,"column":1}},"line":4},"1":{"name":"(anonymous_1)","decl":{"start":{"line":9,"column":32},"end":{"line":9,"column":33}},"loc":{"start":{"line":9,"column":43},"end":{"line":12,"column":1}},"line":9}},"branchMap":{},"s":{"0":4,"1":4,"2":4,"3":2,"4":4,"5":2},"f":{"0":2,"1":2},"b":{},"_coverageSchema":"43e27e138ebf9cfc5966b082cf9a028302ed4184","hash":"c3144e115c5145e86cd870ead0f663b88429254b"}
}
