TN:
SF:D:\work\ReactCourses\src\App\App.jsx
FN:7,(anonymous_0)
FNF:1
FNH:1
FNDA:1,(anonymous_0)
DA:8,1
LF:1
LH:1
BRF:0
BRH:0
end_of_record
TN:
SF:D:\work\ReactCourses\src\App\components\Footer\Footer.jsx
FN:7,(anonymous_0)
FNF:1
FNH:1
FNDA:1,(anonymous_0)
DA:7,2
DA:8,1
LF:2
LH:2
BRF:0
BRH:0
end_of_record
TN:
SF:D:\work\ReactCourses\src\App\components\Footer\index.js
FNF:0
FNH:0
LF:0
LH:0
BRF:0
BRH:0
end_of_record
TN:
SF:D:\work\ReactCourses\src\App\components\Header\Header.jsx
FN:8,(anonymous_0)
FNF:1
FNH:1
FNDA:1,(anonymous_0)
DA:8,2
DA:9,1
LF:2
LH:2
BRF:0
BRH:0
end_of_record
TN:
SF:D:\work\ReactCourses\src\App\components\Header\index.js
FNF:0
FNH:0
LF:0
LH:0
BRF:0
BRH:0
end_of_record
TN:
SF:D:\work\ReactCourses\src\App\components\Movies\Movies.jsx
FN:5,(anonymous_0)
FN:8,(anonymous_1)
FNF:2
FNH:2
FNDA:2,(anonymous_0)
FNDA:2,(anonymous_1)
DA:5,3
DA:6,2
DA:9,2
DA:23,3
LF:4
LH:4
BRF:0
BRH:0
end_of_record
TN:
SF:D:\work\ReactCourses\src\App\components\Movies\index.js
FNF:0
FNH:0
LF:0
LH:0
BRF:0
BRH:0
end_of_record
TN:
SF:D:\work\ReactCourses\src\App\components\Movies\Movie\Movie.jsx
FN:5,(anonymous_0)
FN:12,(anonymous_1)
FNF:2
FNH:2
FNDA:2,(anonymous_0)
FNDA:6,(anonymous_1)
DA:5,3
DA:6,2
DA:13,6
DA:28,3
LF:4
LH:4
BRF:0
BRH:0
end_of_record
TN:
SF:D:\work\ReactCourses\src\App\components\Movies\Movie\index.js
FNF:0
FNH:0
LF:0
LH:0
BRF:0
BRH:0
end_of_record
TN:
SF:D:\work\ReactCourses\src\App\components\MoviesContent\MoviesContent.jsx
FN:13,(anonymous_0)
FN:17,(anonymous_1)
FN:36,(anonymous_2)
FN:37,(anonymous_3)
FN:38,(anonymous_4)
FN:38,(anonymous_5)
FN:48,(anonymous_6)
FNF:7
FNH:4
FNDA:2,(anonymous_0)
FNDA:2,(anonymous_1)
FNDA:2,(anonymous_2)
FNDA:0,(anonymous_3)
FNDA:0,(anonymous_4)
FNDA:0,(anonymous_5)
FNDA:2,(anonymous_6)
DA:14,2
DA:18,2
DA:19,2
DA:36,2
DA:37,2
DA:38,2
DA:39,2
DA:48,2
LF:8
LH:8
BRDA:28,0,0,1
BRDA:28,0,1,1
BRDA:42,1,0,1
BRDA:42,1,1,1
BRF:4
BRH:4
end_of_record
TN:
SF:D:\work\ReactCourses\src\App\components\MoviesContent\index.js
FNF:0
FNH:0
LF:0
LH:0
BRF:0
BRH:0
end_of_record
TN:
SF:D:\work\ReactCourses\src\App\components\SearchBar\SearchBar.jsx
FN:20,(anonymous_0)
FN:24,(anonymous_1)
FN:30,(anonymous_2)
FN:30,(anonymous_3)
FN:34,(anonymous_4)
FN:73,(anonymous_5)
FN:78,(anonymous_6)
FNF:7
FNH:7
FNDA:1,(anonymous_0)
FNDA:1,(anonymous_1)
FNDA:10,(anonymous_2)
FNDA:1,(anonymous_3)
FNDA:5,(anonymous_4)
FNDA:4,(anonymous_5)
FNDA:4,(anonymous_6)
DA:21,1
DA:25,1
DA:30,10
DA:31,1
DA:35,5
DA:36,5
DA:73,4
DA:78,4
LF:8
LH:8
BRDA:48,0,0,5
BRDA:48,0,1,0
BRDA:54,1,0,0
BRDA:54,1,1,5
BRF:4
BRH:2
end_of_record
TN:
SF:D:\work\ReactCourses\src\App\components\SearchBar\index.js
FNF:0
FNH:0
LF:0
LH:0
BRF:0
BRH:0
end_of_record
TN:
SF:D:\work\ReactCourses\src\SharedComponents\Button\Button.jsx
FN:5,(anonymous_0)
FNF:1
FNH:1
FNDA:15,(anonymous_0)
DA:5,3
DA:6,15
LF:2
LH:2
BRF:0
BRH:0
end_of_record
TN:
SF:D:\work\ReactCourses\src\SharedComponents\Button\index.js
FNF:0
FNH:0
LF:0
LH:0
BRF:0
BRH:0
end_of_record
TN:
SF:D:\work\ReactCourses\src\SharedComponents\Input\Input.jsx
FN:6,(anonymous_0)
FN:11,(anonymous_1)
FNF:2
FNH:2
FNDA:7,(anonymous_0)
FNDA:2,(anonymous_1)
DA:7,7
DA:11,2
LF:2
LH:2
BRF:0
BRH:0
end_of_record
TN:
SF:D:\work\ReactCourses\src\SharedComponents\Input\index.js
FNF:0
FNH:0
LF:0
LH:0
BRF:0
BRH:0
end_of_record
TN:
SF:D:\work\ReactCourses\src\SharedComponents\Logo\Logo.jsx
FN:5,(anonymous_0)
FNF:1
FNH:1
FNDA:1,(anonymous_0)
DA:5,4
DA:6,1
LF:2
LH:2
BRF:0
BRH:0
end_of_record
TN:
SF:D:\work\ReactCourses\src\SharedComponents\Logo\index.js
FNF:0
FNH:0
LF:0
LH:0
BRF:0
BRH:0
end_of_record
TN:
SF:D:\work\ReactCourses\src\SharedComponents\Preloader\Preloader.jsx
FN:3,(anonymous_0)
FNF:1
FNH:1
FNDA:2,(anonymous_0)
DA:3,3
DA:4,2
LF:2
LH:2
BRF:0
BRH:0
end_of_record
TN:
SF:D:\work\ReactCourses\src\SharedComponents\Preloader\index.js
FNF:0
FNH:0
LF:0
LH:0
BRF:0
BRH:0
end_of_record
TN:
SF:D:\work\ReactCourses\src\SharedComponents\Wrapper\Wrapper.jsx
FN:5,(anonymous_0)
FNF:1
FNH:1
FNDA:5,(anonymous_0)
DA:5,5
DA:6,5
LF:2
LH:2
BRF:0
BRH:0
end_of_record
TN:
SF:D:\work\ReactCourses\src\SharedComponents\Wrapper\index.js
FNF:0
FNH:0
LF:0
LH:0
BRF:0
BRH:0
end_of_record
TN:
SF:D:\work\ReactCourses\src\redux\actions\movies.js
FN:7,(anonymous_0)
FN:8,(anonymous_1)
FN:13,(anonymous_2)
FN:19,(anonymous_3)
FNF:4
FNH:3
FNDA:3,(anonymous_0)
FNDA:3,(anonymous_1)
FNDA:1,(anonymous_2)
FNDA:0,(anonymous_3)
DA:3,5
DA:4,5
DA:5,5
DA:7,5
DA:8,3
DA:9,3
DA:12,3
DA:14,1
DA:20,0
LF:9
LH:8
BRF:0
BRH:0
end_of_record
TN:
SF:D:\work\ReactCourses\src\redux\actions\search.js
FN:4,(anonymous_0)
FN:9,(anonymous_1)
FNF:2
FNH:2
FNDA:2,(anonymous_0)
FNDA:2,(anonymous_1)
DA:1,4
DA:2,4
DA:4,4
DA:9,4
LF:4
LH:4
BRF:0
BRH:0
end_of_record
